<?xml version="1.0" encoding="UTF-8"?>
<!-- Generated by org.testng.reporters.JUnitReportReporter -->
<testsuite skipped="0" hostname="DESKTOP-25I7L6M" name="com.LoginTest.LoginTestLog4jAutomation" tests="1" failures="0" timestamp="2021-02-18T17:12:20 IST" time="45.818" errors="0">
  <testcase name="freeCrmTitleTest" time="45.818" classname="com.LoginTest.LoginTestLog4jAutomation"/>
  <system-out/>
</testsuite> <!-- com.LoginTest.LoginTestLog4jAutomation -->
